2019-12-17 03:07:06,778 - FL-type - INFO - logger init finied ---- log file: default.log
2019-12-17 03:07:07,016 - FL-type - INFO - read config from default.cfg
2019-12-17 03:07:07,016 - FL-type - INFO - ================= Config =================
2019-12-17 03:07:07,016 - FL-type - INFO - 	dataset = reddit
2019-12-17 03:07:07,017 - FL-type - INFO - 	model = stacked_lstm
2019-12-17 03:07:07,017 - FL-type - INFO - 	num_rounds = -1
2019-12-17 03:07:07,017 - FL-type - INFO - 	lr = 0.1
2019-12-17 03:07:07,017 - FL-type - INFO - 	eval_every = 3
2019-12-17 03:07:07,017 - FL-type - INFO - 	clients_per_round = 20
2019-12-17 03:07:07,017 - FL-type - INFO - 	min_selected = 15
2019-12-17 03:07:07,017 - FL-type - INFO - 	batch_size = 20
2019-12-17 03:07:07,017 - FL-type - INFO - 	seed = 0
2019-12-17 03:07:07,017 - FL-type - INFO - 	metrics_file = metrics
2019-12-17 03:07:07,018 - FL-type - INFO - 	num_epochs = 1
2019-12-17 03:07:07,018 - FL-type - INFO - 	gpu_fraction = 0.2
2019-12-17 03:07:07,018 - FL-type - INFO - 	minibatch = None
2019-12-17 03:07:07,018 - FL-type - INFO - 	round_ddl = [120.0, 0.0]
2019-12-17 03:07:07,018 - FL-type - INFO - 	update_frac = 0.7
2019-12-17 03:07:07,018 - FL-type - INFO - 	big_upload_time = [5.0, 1.0]
2019-12-17 03:07:07,018 - FL-type - INFO - 	mid_upload_time = [10.0, 1.0]
2019-12-17 03:07:07,018 - FL-type - INFO - 	small_upload_time = [15.0, 1.0]
2019-12-17 03:07:07,018 - FL-type - INFO - 	big_speed = [450.0, 1.0]
2019-12-17 03:07:07,019 - FL-type - INFO - 	mid_speed = [200.0, 1.0]
2019-12-17 03:07:07,019 - FL-type - INFO - 	small_speed = [50.0, 1.0]
2019-12-17 03:07:07,019 - FL-type - INFO - 	time_window = [20.0, 0.0]
2019-12-17 03:07:07,019 - FL-type - INFO - ================= ====== =================
2019-12-17 03:07:07,034 - FL-type - INFO - ############################## reddit.stacked_lstm ##############################
2019-12-17 03:07:07,613 - numexpr.utils - INFO - NumExpr defaulting to 4 threads.
2019-12-17 03:07:09,880 - FL-type - INFO - ======================Setup Clients==========================
2019-12-17 03:07:11,148 - FL-type - INFO - Clients in Total: 813
2019-12-17 03:07:11,632 - FL-type - INFO - set up 50 clients
2019-12-17 03:07:12,050 - FL-type - INFO - set up 100 clients
2019-12-17 03:07:12,478 - FL-type - INFO - set up 150 clients
2019-12-17 03:07:12,892 - FL-type - INFO - set up 200 clients
2019-12-17 03:07:13,520 - FL-type - INFO - set up 250 clients
2019-12-17 03:07:13,888 - FL-type - INFO - set up 300 clients
2019-12-17 03:07:14,571 - FL-type - INFO - set up 350 clients
2019-12-17 03:07:14,959 - FL-type - INFO - set up 400 clients
2019-12-17 03:07:15,507 - FL-type - INFO - set up 450 clients
2019-12-17 03:07:15,883 - FL-type - INFO - set up 500 clients
2019-12-17 03:07:16,285 - FL-type - INFO - set up 550 clients
2019-12-17 03:07:16,670 - FL-type - INFO - set up 600 clients
2019-12-17 03:07:17,013 - FL-type - INFO - set up 650 clients
2019-12-17 03:07:17,441 - FL-type - INFO - set up 700 clients
2019-12-17 03:07:17,961 - FL-type - INFO - set up 750 clients
2019-12-17 03:07:18,440 - FL-type - INFO - set up 800 clients
2019-12-17 03:07:18,556 - FL-type - INFO - ======================Setup Server==========================
2019-12-17 03:07:18,605 - FL-type - INFO - ===================== Random Initialization =====================
2019-12-17 03:07:18,605 - FL-type - INFO - ===================== Round 1 of 9223372036854775807 =====================
2019-12-17 03:07:18,605 - FL-type - INFO - --------------------- selection stage ---------------------
2019-12-17 03:07:18,605 - FL-type - INFO - current time: 0	 time window: 20.0
2019-12-17 03:07:18,607 - FL-type - INFO - 89 of 813 clients online
2019-12-17 03:07:18,607 - FL-type - INFO - selected client_ids: ['11832', '20217', '57926', '45271', '67160', '33399', '47918', '45876', '78219', '9963', '16531', '31396', '36037', '65304', '16986', '23170', '30446', '59522', '74973', '45770']
2019-12-17 03:07:18,608 - FL-type - INFO - selected deadline: 120
2019-12-17 03:07:18,608 - FL-type - INFO - --------------------- configuration stage ---------------------
2019-12-17 03:07:18,663 - FL-type - INFO - client 11832 available time:120.0
2019-12-17 03:07:19,042 - FL-type - INFO - client 11832 upload successfully!
2019-12-17 03:07:19,050 - FL-type - INFO - client 20217 available time:120.0
2019-12-17 03:07:19,109 - FL-type - INFO - client 20217 upload successfully!
2019-12-17 03:07:19,117 - FL-type - INFO - client 57926 available time:120.0
2019-12-17 03:07:19,284 - FL-type - INFO - client 57926 upload successfully!
2019-12-17 03:07:19,292 - FL-type - INFO - client 45271 available time:120.0
2019-12-17 03:07:19,508 - FL-type - INFO - client 45271 upload successfully!
2019-12-17 03:07:19,515 - FL-type - INFO - client 67160 available time:120.0
2019-12-17 03:07:20,146 - FL-type - INFO - client 67160 upload successfully!
2019-12-17 03:07:20,153 - FL-type - INFO - client 33399 available time:120.0
2019-12-17 03:07:20,229 - FL-type - INFO - client 33399 upload successfully!
2019-12-17 03:07:20,236 - FL-type - INFO - client 47918 available time:120.0
2019-12-17 03:07:20,346 - FL-type - INFO - client 47918 upload successfully!
2019-12-17 03:07:20,353 - FL-type - INFO - client 45876 available time:120.0
2019-12-17 03:07:20,382 - FL-type - INFO - client 45876 upload successfully!
2019-12-17 03:07:20,389 - FL-type - INFO - client 78219 available time:120.0
2019-12-17 03:07:20,577 - FL-type - INFO - client 78219 upload successfully!
2019-12-17 03:07:20,584 - FL-type - INFO - client 9963 available time:120.0
2019-12-17 03:07:20,661 - FL-type - INFO - client 9963 upload successfully!
2019-12-17 03:07:20,667 - FL-type - INFO - client 16531 available time:120.0
2019-12-17 03:07:20,697 - FL-type - INFO - client 16531 upload successfully!
2019-12-17 03:07:20,705 - FL-type - INFO - client 31396 available time:120.0
2019-12-17 03:07:20,759 - FL-type - INFO - client 31396 upload successfully!
2019-12-17 03:07:20,765 - FL-type - INFO - client 36037 available time:120.0
2019-12-17 03:07:20,794 - FL-type - INFO - client 36037 upload successfully!
2019-12-17 03:07:20,801 - FL-type - INFO - client 65304 available time:120.0
2019-12-17 03:07:21,141 - FL-type - INFO - client 65304 upload successfully!
2019-12-17 03:07:21,148 - FL-type - INFO - client 16986 available time:120.0
2019-12-17 03:07:21,200 - FL-type - INFO - client 16986 upload successfully!
2019-12-17 03:07:21,207 - FL-type - INFO - client 23170 available time:120.0
2019-12-17 03:07:21,425 - FL-type - INFO - client 23170 upload successfully!
2019-12-17 03:07:21,432 - FL-type - INFO - client 30446 available time:120.0
2019-12-17 03:07:21,530 - FL-type - INFO - client 30446 upload successfully!
2019-12-17 03:07:21,536 - FL-type - INFO - client 59522 available time:120.0
2019-12-17 03:07:21,565 - FL-type - INFO - client 59522 upload successfully!
2019-12-17 03:07:21,571 - FL-type - INFO - client 74973 available time:120.0
2019-12-17 03:07:21,625 - FL-type - INFO - client 74973 upload successfully!
2019-12-17 03:07:21,632 - FL-type - INFO - client 45770 available time:120.0
2019-12-17 03:07:21,907 - FL-type - INFO - client 45770 upload successfully!
2019-12-17 03:07:21,907 - FL-type - INFO - configuration and update stage simulation time: 16.285714285714285
2019-12-17 03:07:22,029 - FL-type - INFO - --------------------- report stage ---------------------
2019-12-17 03:07:22,029 - FL-type - INFO - 20 of 20 clients upload successfully
2019-12-17 03:07:22,029 - FL-type - INFO - round succeed, updating global model...
2019-12-17 03:07:39,692 - FL-type - INFO - ===================== Round 2 of 9223372036854775807 =====================
2019-12-17 03:07:39,693 - FL-type - INFO - --------------------- selection stage ---------------------
2019-12-17 03:07:39,693 - FL-type - INFO - current time: 36.285714285714285	 time window: 20.0
2019-12-17 03:07:39,694 - FL-type - INFO - 89 of 813 clients online
2019-12-17 03:07:39,695 - FL-type - INFO - selected client_ids: ['63981', '69127', '57926', '58213', '74973', '72108', '63609', '45770', '49810', '42811', '44747', '34886', '67920', '31834', '9963', '54374', '18349', '11832', '40371', '68492']
2019-12-17 03:07:39,695 - FL-type - INFO - selected deadline: 120
2019-12-17 03:07:39,695 - FL-type - INFO - --------------------- configuration stage ---------------------
2019-12-17 03:07:39,714 - FL-type - INFO - client 63981 available time:51.0
2019-12-17 03:07:39,801 - FL-type - INFO - client 63981 upload successfully!
2019-12-17 03:07:39,815 - FL-type - INFO - client 69127 available time:120.0
2019-12-17 03:07:39,875 - FL-type - INFO - client 69127 upload successfully!
2019-12-17 03:07:39,890 - FL-type - INFO - client 57926 available time:120.0
2019-12-17 03:07:40,060 - FL-type - INFO - client 57926 upload successfully!
2019-12-17 03:07:40,075 - FL-type - INFO - client 58213 available time:120.0
2019-12-17 03:07:40,107 - FL-type - INFO - client 58213 upload successfully!
2019-12-17 03:07:40,124 - FL-type - INFO - client 74973 available time:120.0
2019-12-17 03:07:40,182 - FL-type - INFO - client 74973 upload successfully!
2019-12-17 03:07:40,197 - FL-type - INFO - client 72108 available time:120.0
2019-12-17 03:07:40,229 - FL-type - INFO - client 72108 upload successfully!
2019-12-17 03:07:40,243 - FL-type - INFO - client 63609 available time:120.0
2019-12-17 03:07:40,299 - FL-type - INFO - client 63609 upload successfully!
2019-12-17 03:07:40,320 - FL-type - INFO - client 45770 available time:120.0
2019-12-17 03:07:40,378 - FL-type - INFO - client 45770 upload successfully!
2019-12-17 03:07:40,394 - FL-type - INFO - client 49810 available time:120.0
2019-12-17 03:07:40,451 - FL-type - INFO - client 49810 upload successfully!
2019-12-17 03:07:40,465 - FL-type - INFO - client 42811 available time:120.0
2019-12-17 03:07:40,629 - FL-type - INFO - client 42811 upload successfully!
2019-12-17 03:07:40,644 - FL-type - INFO - client 44747 available time:120.0
2019-12-17 03:07:40,851 - FL-type - INFO - client 44747 upload successfully!
2019-12-17 03:07:40,866 - FL-type - INFO - client 34886 available time:120.0
2019-12-17 03:07:40,896 - FL-type - INFO - client 34886 upload successfully!
2019-12-17 03:07:40,910 - FL-type - INFO - client 67920 available time:120.0
2019-12-17 03:07:40,940 - FL-type - INFO - client 67920 upload successfully!
2019-12-17 03:07:40,954 - FL-type - INFO - client 31834 available time:120.0
2019-12-17 03:07:41,349 - FL-type - INFO - client 31834 upload successfully!
2019-12-17 03:07:41,363 - FL-type - INFO - client 9963 available time:120.0
2019-12-17 03:07:41,440 - FL-type - INFO - client 9963 upload successfully!
2019-12-17 03:07:41,454 - FL-type - INFO - client 54374 available time:120.0
2019-12-17 03:07:41,577 - FL-type - INFO - client 54374 upload successfully!
2019-12-17 03:07:41,592 - FL-type - INFO - client 18349 available time:33.0
2019-12-17 03:07:41,645 - FL-type - INFO - client 18349 upload successfully!
2019-12-17 03:07:41,659 - FL-type - INFO - client 11832 available time:120.0
2019-12-17 03:07:41,687 - FL-type - INFO - client 11832 upload successfully!
2019-12-17 03:07:41,702 - FL-type - INFO - client 40371 available time:120.0
2019-12-17 03:07:41,730 - FL-type - INFO - client 40371 upload successfully!
2019-12-17 03:07:41,744 - FL-type - INFO - client 68492 available time:120.0
2019-12-17 03:07:41,772 - FL-type - INFO - client 68492 upload successfully!
2019-12-17 03:07:41,772 - FL-type - INFO - configuration and update stage simulation time: 17.08
2019-12-17 03:07:41,880 - FL-type - INFO - --------------------- report stage ---------------------
2019-12-17 03:07:41,880 - FL-type - INFO - 20 of 20 clients upload successfully
2019-12-17 03:07:41,880 - FL-type - INFO - round succeed, updating global model...
2019-12-17 03:07:59,312 - FL-type - INFO - ===================== Round 3 of 9223372036854775807 =====================
2019-12-17 03:07:59,313 - FL-type - INFO - --------------------- selection stage ---------------------
2019-12-17 03:07:59,313 - FL-type - INFO - current time: 73.36571428571429	 time window: 20.0
2019-12-17 03:07:59,317 - FL-type - INFO - 90 of 813 clients online
2019-12-17 03:07:59,318 - FL-type - INFO - selected client_ids: ['54374', '728', '78760', '78219', '41480', '81372', '65304', '22891', '72245', '10902', '12028', '22553', '2957', '8692', '31396', '32325', '1999', '30446', '34886', '31892']
2019-12-17 03:07:59,318 - FL-type - INFO - selected deadline: 120
2019-12-17 03:07:59,318 - FL-type - INFO - --------------------- configuration stage ---------------------
2019-12-17 03:07:59,332 - FL-type - INFO - client 54374 available time:120.0
2019-12-17 03:07:59,457 - FL-type - INFO - client 54374 upload successfully!
2019-12-17 03:07:59,471 - FL-type - INFO - client 728 available time:120.0
2019-12-17 03:07:59,762 - FL-type - INFO - client 728 upload successfully!
2019-12-17 03:07:59,777 - FL-type - INFO - client 78760 available time:120.0
2019-12-17 03:07:59,806 - FL-type - INFO - client 78760 upload successfully!
2019-12-17 03:07:59,819 - FL-type - INFO - client 78219 available time:120.0
2019-12-17 03:07:59,894 - FL-type - INFO - client 78219 upload successfully!
2019-12-17 03:07:59,909 - FL-type - INFO - client 41480 available time:11.0
2019-12-17 03:07:59,938 - FL-type - INFO - client 41480 upload successfully!
2019-12-17 03:07:59,953 - FL-type - INFO - client 81372 available time:120.0
2019-12-17 03:08:00,006 - FL-type - INFO - client 81372 upload successfully!
2019-12-17 03:08:00,020 - FL-type - INFO - client 65304 available time:120.0
2019-12-17 03:08:00,356 - FL-type - INFO - client 65304 upload successfully!
2019-12-17 03:08:00,371 - FL-type - INFO - client 22891 available time:120.0
2019-12-17 03:08:00,422 - FL-type - INFO - client 22891 upload successfully!
2019-12-17 03:08:00,436 - FL-type - INFO - client 72245 available time:120.0
2019-12-17 03:08:01,053 - FL-type - INFO - client 72245 upload successfully!
2019-12-17 03:08:01,067 - FL-type - INFO - client 10902 available time:120.0
2019-12-17 03:08:01,096 - FL-type - INFO - client 10902 upload successfully!
2019-12-17 03:08:01,110 - FL-type - INFO - client 12028 available time:120.0
2019-12-17 03:08:01,333 - FL-type - INFO - client 12028 upload successfully!
2019-12-17 03:08:01,348 - FL-type - INFO - client 22553 available time:120.0
2019-12-17 03:08:01,423 - FL-type - INFO - client 22553 upload successfully!
2019-12-17 03:08:01,438 - FL-type - INFO - client 2957 available time:120.0
2019-12-17 03:08:02,056 - FL-type - INFO - client 2957 upload successfully!
2019-12-17 03:08:02,070 - FL-type - INFO - client 8692 available time:120.0
2019-12-17 03:08:02,099 - FL-type - INFO - client 8692 upload successfully!
2019-12-17 03:08:02,113 - FL-type - INFO - client 31396 available time:120.0
2019-12-17 03:08:02,165 - FL-type - INFO - client 31396 upload successfully!
2019-12-17 03:08:02,179 - FL-type - INFO - client 32325 available time:120.0
2019-12-17 03:08:02,207 - FL-type - INFO - client 32325 upload successfully!
2019-12-17 03:08:02,221 - FL-type - INFO - client 1999 available time:120.0
2019-12-17 03:08:02,249 - FL-type - INFO - client 1999 upload successfully!
2019-12-17 03:08:02,263 - FL-type - INFO - client 30446 available time:120.0
2019-12-17 03:08:02,362 - FL-type - INFO - client 30446 upload successfully!
2019-12-17 03:08:02,377 - FL-type - INFO - client 34886 available time:120.0
2019-12-17 03:08:02,406 - FL-type - INFO - client 34886 upload successfully!
2019-12-17 03:08:02,421 - FL-type - INFO - client 31892 available time:120.0
2019-12-17 03:08:02,471 - FL-type - INFO - client 31892 upload successfully!
2019-12-17 03:08:02,471 - FL-type - INFO - configuration and update stage simulation time: 15.938775510204081
2019-12-17 03:08:02,578 - FL-type - INFO - --------------------- report stage ---------------------
2019-12-17 03:08:02,578 - FL-type - INFO - 20 of 20 clients upload successfully
2019-12-17 03:08:02,579 - FL-type - INFO - round succeed, updating global model...
